2024-01-21T18:44:27.692759+0500 INFO Start app
2024-01-21T18:44:33.614218+0500 INFO Get projects with type: minimum
2024-01-21T18:44:33.640920+0500 INFO Get projects with type: full9
2024-01-21T18:44:33.649736+0500 INFO Get projects with type: minimum
2024-01-21T18:44:34.203547+0500 INFO Get all projects.
2024-01-21T18:44:34.211363+0500 INFO Get all projects.
2024-01-21T18:45:06.021774+0500 INFO Get projects with type: minimum
2024-01-21T18:45:06.030395+0500 INFO Get projects with type: minimum
2024-01-21T18:55:12.238169+0500 INFO Get projects with type: minimum
2024-01-21T18:55:12.269423+0500 INFO Get projects with type: minimum
2024-01-22T15:47:36.264795+0500 INFO Start app
2024-01-22T15:47:50.318297+0500 INFO Admin user sign in
2024-01-22T15:47:50.321677+0500 INFO Admin user sign in
2024-01-22T15:47:51.546163+0500 INFO Get all projects.
2024-01-22T15:47:51.552963+0500 INFO Get all projects.
2024-01-22T15:48:04.547584+0500 INFO Get all projects (FOR BOT).
2024-01-22T15:48:04.555702+0500 INFO Return cover for project 1fbc6016-cf75-4008-9641-20cd460936a9 (FOR BOT)
2024-01-22T15:48:07.810324+0500 INFO Get all projects (FOR BOT).
2024-01-22T15:48:07.817537+0500 INFO Return cover for project 1acc3a05-875a-4e48-8798-3da1466eac87 (FOR BOT)
2024-01-22T15:48:09.900874+0500 INFO Get all projects (FOR BOT).
2024-01-22T15:48:09.907862+0500 INFO Return cover for project 1fbc6016-cf75-4008-9641-20cd460936a9 (FOR BOT)
2024-01-22T15:48:11.544477+0500 INFO Get project 1fbc6016-cf75-4008-9641-20cd460936a9 (FOR BOT).
2024-01-22T15:49:30.733501+0500 INFO Get project 1fbc6016-cf75-4008-9641-20cd460936a9 (FOR BOT).
2024-01-22T15:50:54.789909+0500 INFO Get project 1fbc6016-cf75-4008-9641-20cd460936a9 (FOR BOT).
2024-01-22T15:50:55.152786+0500 INFO Return doc for project 1fbc6016-cf75-4008-9641-20cd460936a9 (FOR BOT)
2024-01-22T15:50:55.374491+0500 INFO Return pptx for project 1fbc6016-cf75-4008-9641-20cd460936a9 (FOR BOT)
2024-01-22T15:50:55.442863+0500 INFO Return png for project 1fbc6016-cf75-4008-9641-20cd460936a9 (FOR BOT)
2024-01-22T15:50:55.512530+0500 INFO Return product zip for project 1fbc6016-cf75-4008-9641-20cd460936a9 (FOR BOT)
2024-01-22T15:52:12.947391+0500 INFO Get projects with type: minimum (FOR BOT)
2024-01-22T15:52:15.463549+0500 INFO Get all projects (FOR BOT).
2024-01-22T15:52:15.470500+0500 INFO Return cover for project 1fbc6016-cf75-4008-9641-20cd460936a9 (FOR BOT)
2024-01-22T15:52:53.233305+0500 INFO Get project 1fbc6016-cf75-4008-9641-20cd460936a9 (FOR BOT).
2024-01-22T15:52:53.708550+0500 INFO Return doc for project 1fbc6016-cf75-4008-9641-20cd460936a9 (FOR BOT)
2024-01-22T15:52:53.718106+0500 INFO Return pptx for project 1fbc6016-cf75-4008-9641-20cd460936a9 (FOR BOT)
2024-01-22T15:52:53.743468+0500 INFO Return png for project 1fbc6016-cf75-4008-9641-20cd460936a9 (FOR BOT)
2024-01-22T15:52:53.776666+0500 INFO Return product zip for project 1fbc6016-cf75-4008-9641-20cd460936a9 (FOR BOT)
2024-01-22T15:53:52.328577+0500 INFO Create new project with data name='ilya loh' summary='ilya loh' price=799 have_presentation=False have_product=False have_unique=True category=1
2024-01-22T15:53:52.422629+0500 INFO Add files to project 035cc206-f688-4e44-88ef-75b33ca75b79
2024-01-22T15:53:52.436913+0500 INFO Get all projects.
2024-01-22T15:53:52.489997+0500 INFO Get all projects.
2024-01-22T15:53:54.851680+0500 INFO Get project 1fbc6016-cf75-4008-9641-20cd460936a9.
2024-01-22T15:53:54.859326+0500 INFO Get project 1fbc6016-cf75-4008-9641-20cd460936a9.
2024-01-22T15:53:57.170047+0500 INFO Update project with id 1fbc6016-cf75-4008-9641-20cd460936a9
2024-01-22T15:53:57.430199+0500 INFO Get project 1fbc6016-cf75-4008-9641-20cd460936a9.
2024-01-22T15:53:57.438780+0500 INFO Get project 1fbc6016-cf75-4008-9641-20cd460936a9.
2024-01-22T15:53:58.104836+0500 INFO Get all projects.
2024-01-22T15:53:58.112525+0500 INFO Get all projects.
2024-01-22T15:54:01.681749+0500 INFO Get project 1acc3a05-875a-4e48-8798-3da1466eac87.
2024-01-22T15:54:01.689069+0500 INFO Get project 1acc3a05-875a-4e48-8798-3da1466eac87.
2024-01-22T15:54:03.764571+0500 INFO Update project with id 1acc3a05-875a-4e48-8798-3da1466eac87
2024-01-22T15:54:03.970779+0500 INFO Get project 1acc3a05-875a-4e48-8798-3da1466eac87.
2024-01-22T15:54:03.978820+0500 INFO Get project 1acc3a05-875a-4e48-8798-3da1466eac87.
2024-01-22T15:54:05.096503+0500 INFO Get all projects.
2024-01-22T15:54:05.103880+0500 INFO Get all projects.
2024-01-22T15:54:05.146609+0500 INFO Get project 1fbc6016-cf75-4008-9641-20cd460936a9 (FOR BOT).
2024-01-22T15:54:05.644539+0500 INFO Return doc for project 1fbc6016-cf75-4008-9641-20cd460936a9 (FOR BOT)
2024-01-22T15:54:05.846564+0500 INFO Return pptx for project 1fbc6016-cf75-4008-9641-20cd460936a9 (FOR BOT)
2024-01-22T15:54:05.877395+0500 INFO Return png for project 1fbc6016-cf75-4008-9641-20cd460936a9 (FOR BOT)
2024-01-22T15:54:05.907756+0500 INFO Return product zip for project 1fbc6016-cf75-4008-9641-20cd460936a9 (FOR BOT)
2024-01-22T15:54:09.695305+0500 INFO Get all projects (FOR BOT).
2024-01-22T15:54:09.701585+0500 INFO Return cover for project 035cc206-f688-4e44-88ef-75b33ca75b79 (FOR BOT)
2024-01-22T15:54:17.106466+0500 INFO Get all projects (FOR BOT).
2024-01-22T15:54:17.114153+0500 INFO Return cover for project 035cc206-f688-4e44-88ef-75b33ca75b79 (FOR BOT)
2024-01-22T15:54:23.597242+0500 INFO Get project 035cc206-f688-4e44-88ef-75b33ca75b79 (FOR BOT).
2024-01-22T15:54:23.745677+0500 INFO Return doc for project 035cc206-f688-4e44-88ef-75b33ca75b79 (FOR BOT)
2024-01-22T15:54:23.755534+0500 INFO Return png for project 035cc206-f688-4e44-88ef-75b33ca75b79 (FOR BOT)
2024-01-22T15:56:25.089053+0500 INFO Get projects with type: minimum (FOR BOT)
2024-01-22T15:56:26.712527+0500 INFO Get projects with type: exclusive (FOR BOT)
2024-01-22T15:56:27.898679+0500 INFO Get projects with type: full9 (FOR BOT)
2024-01-22T15:56:30.602390+0500 INFO Get projects with type: full11 (FOR BOT)
2024-01-22T15:56:30.609159+0500 INFO Return cover for project 035cc206-f688-4e44-88ef-75b33ca75b79 (FOR BOT)
2024-01-22T15:56:52.596252+0500 INFO Get projects with type: minimum (FOR BOT)
2024-01-22T15:56:57.509345+0500 INFO Get project 33fd2c88-4dc8-4467-bc1e-ffc86013e420.
2024-01-22T15:56:57.516495+0500 INFO Get project 33fd2c88-4dc8-4467-bc1e-ffc86013e420.
2024-01-22T15:56:57.580499+0500 INFO Get all projects (FOR BOT).
2024-01-22T15:56:57.588720+0500 INFO Return cover for project 035cc206-f688-4e44-88ef-75b33ca75b79 (FOR BOT)
2024-01-22T15:57:00.375992+0500 INFO Update project with id 33fd2c88-4dc8-4467-bc1e-ffc86013e420
2024-01-22T15:57:00.649728+0500 INFO Get project 33fd2c88-4dc8-4467-bc1e-ffc86013e420.
2024-01-22T15:57:00.664273+0500 INFO Get project 33fd2c88-4dc8-4467-bc1e-ffc86013e420.
2024-01-22T15:57:07.115586+0500 INFO Get projects with type: minimum (FOR BOT)
2024-01-22T15:57:07.122355+0500 INFO Return cover for project 33fd2c88-4dc8-4467-bc1e-ffc86013e420 (FOR BOT)
2024-01-22T15:57:11.178485+0500 INFO Get projects with type: minimum (FOR BOT)
2024-01-22T15:57:11.185891+0500 INFO Return cover for project 33fd2c88-4dc8-4467-bc1e-ffc86013e420 (FOR BOT)
2024-01-22T15:57:36.415447+0500 INFO Get projects with type: exclusive (FOR BOT)
2024-01-22T15:57:44.327997+0500 INFO Get projects with type: full11 (FOR BOT)
2024-01-22T15:57:44.335085+0500 INFO Return cover for project 035cc206-f688-4e44-88ef-75b33ca75b79 (FOR BOT)
2024-01-22T15:57:55.702164+0500 INFO Get projects with type: full9 (FOR BOT)
2024-01-22T15:58:01.945984+0500 INFO Get projects with type: full9 (FOR BOT)
2024-01-22T15:59:56.305865+0500 INFO Get all projects.
2024-01-22T15:59:56.313263+0500 INFO Get all projects.
2024-01-22T15:59:57.635806+0500 INFO Get all projects.
2024-01-22T15:59:57.643312+0500 INFO Get all projects.
2024-01-22T16:00:10.119832+0500 INFO Delete project e0e5b024-cfa8-44d0-aa35-0e1eee7fc460.
2024-01-22T16:00:10.632709+0500 INFO Get all projects.
2024-01-22T16:00:10.646336+0500 INFO Get all projects.
2024-01-22T16:00:18.155877+0500 INFO Delete project 1acc3a05-875a-4e48-8798-3da1466eac87.
2024-01-22T16:00:18.313428+0500 INFO Get all projects.
2024-01-22T16:00:18.321329+0500 INFO Get all projects.
2024-01-22T16:00:20.049105+0500 INFO Get projects with type: full11
2024-01-22T16:00:20.055597+0500 INFO Get projects with type: full11
2024-01-22T16:00:20.410819+0500 INFO Get projects with type: full9
2024-01-22T16:00:20.772181+0500 INFO Get projects with type: minimum
2024-01-22T16:00:22.780799+0500 INFO Get all projects.
2024-01-22T16:00:22.792111+0500 INFO Get all projects.
2024-01-22T16:02:39.906154+0500 INFO Get all projects (FOR BOT).
2024-01-22T16:02:39.915755+0500 INFO Return cover for project 33fd2c88-4dc8-4467-bc1e-ffc86013e420 (FOR BOT)
2024-01-22T16:03:03.268690+0500 INFO Get project 33fd2c88-4dc8-4467-bc1e-ffc86013e420 (FOR BOT).
2024-01-22T16:03:03.679360+0500 INFO Return doc for project 33fd2c88-4dc8-4467-bc1e-ffc86013e420 (FOR BOT)
2024-01-22T16:06:03.338730+0500 INFO Get project 035cc206-f688-4e44-88ef-75b33ca75b79.
2024-01-22T16:06:03.345015+0500 INFO Get project 035cc206-f688-4e44-88ef-75b33ca75b79.
2024-01-22T16:06:06.236717+0500 INFO Return doc for project 035cc206-f688-4e44-88ef-75b33ca75b79
2024-01-22T16:06:34.225910+0500 INFO Get all projects.
2024-01-22T16:06:34.233577+0500 INFO Get all projects.
2024-01-23T18:02:52.702353+0500 INFO Start app
2024-01-23T18:36:29.944518+0500 INFO Get all projects (FOR BOT).
2024-01-23T18:36:29.958092+0500 INFO Return cover for project 33fd2c88-4dc8-4467-bc1e-ffc86013e420 (FOR BOT)
2024-01-23T18:36:32.613328+0500 INFO Get all projects (FOR BOT).
2024-01-23T18:36:32.620762+0500 INFO Return cover for project 035cc206-f688-4e44-88ef-75b33ca75b79 (FOR BOT)
2024-01-23T18:36:34.077856+0500 INFO Get all projects (FOR BOT).
2024-01-23T18:36:34.084935+0500 INFO Return cover for project 33fd2c88-4dc8-4467-bc1e-ffc86013e420 (FOR BOT)
2024-01-23T18:38:32.804535+0500 INFO Get projects with type: full9 (FOR BOT)
2024-01-23T18:38:36.888462+0500 INFO Get projects with type: minimum (FOR BOT)
2024-01-23T18:38:36.896270+0500 INFO Return cover for project 33fd2c88-4dc8-4467-bc1e-ffc86013e420 (FOR BOT)
2024-01-23T18:38:39.929849+0500 INFO Get projects with type: exclusive (FOR BOT)
2024-01-23T18:47:08.289231+0500 INFO Get projects with type: minimum (FOR BOT)
2024-01-23T18:47:08.297283+0500 INFO Return cover for project 33fd2c88-4dc8-4467-bc1e-ffc86013e420 (FOR BOT)
2024-01-23T18:49:48.259200+0500 INFO Get all projects (FOR BOT).
2024-01-23T18:49:48.266316+0500 INFO Return cover for project 33fd2c88-4dc8-4467-bc1e-ffc86013e420 (FOR BOT)
2024-01-23T18:49:51.149764+0500 INFO Get all projects (FOR BOT).
2024-01-23T18:49:51.157412+0500 INFO Return cover for project 035cc206-f688-4e44-88ef-75b33ca75b79 (FOR BOT)
2024-01-23T18:49:52.416402+0500 INFO Get all projects (FOR BOT).
2024-01-23T18:49:52.423587+0500 INFO Return cover for project 33fd2c88-4dc8-4467-bc1e-ffc86013e420 (FOR BOT)
2024-01-23T18:51:07.586663+0500 INFO Get all projects (FOR BOT).
2024-01-23T18:51:07.595028+0500 INFO Return cover for project 33fd2c88-4dc8-4467-bc1e-ffc86013e420 (FOR BOT)
2024-01-23T18:51:09.921776+0500 INFO Get all projects (FOR BOT).
2024-01-23T18:51:09.929275+0500 INFO Return cover for project 035cc206-f688-4e44-88ef-75b33ca75b79 (FOR BOT)
2024-01-23T18:51:11.071771+0500 INFO Get all projects (FOR BOT).
2024-01-23T18:51:11.086050+0500 INFO Return cover for project 33fd2c88-4dc8-4467-bc1e-ffc86013e420 (FOR BOT)
2024-01-23T18:52:45.142137+0500 INFO Get projects with type: exclusive (FOR BOT)
2024-01-23T18:53:27.672697+0500 INFO Get all projects (FOR BOT).
2024-01-23T18:53:27.680352+0500 INFO Return cover for project 33fd2c88-4dc8-4467-bc1e-ffc86013e420 (FOR BOT)
2024-01-23T18:53:29.163999+0500 INFO Get all projects (FOR BOT).
2024-01-23T18:53:29.171613+0500 INFO Return cover for project 035cc206-f688-4e44-88ef-75b33ca75b79 (FOR BOT)
2024-01-23T18:53:40.175403+0500 INFO Get all projects (FOR BOT).
2024-01-23T18:53:40.183388+0500 INFO Return cover for project 035cc206-f688-4e44-88ef-75b33ca75b79 (FOR BOT)
2024-01-23T18:53:41.961106+0500 INFO Get all projects (FOR BOT).
2024-01-23T18:53:41.975366+0500 INFO Return cover for project 33fd2c88-4dc8-4467-bc1e-ffc86013e420 (FOR BOT)
2024-01-23T18:53:46.135594+0500 INFO Get all projects (FOR BOT).
2024-01-23T18:53:46.142938+0500 INFO Return cover for project 035cc206-f688-4e44-88ef-75b33ca75b79 (FOR BOT)
2024-01-23T18:53:47.142530+0500 INFO Get all projects (FOR BOT).
2024-01-23T18:53:47.173198+0500 INFO Return cover for project 33fd2c88-4dc8-4467-bc1e-ffc86013e420 (FOR BOT)
2024-01-23T18:53:55.095745+0500 INFO Get all projects (FOR BOT).
2024-01-23T18:53:55.103199+0500 INFO Return cover for project 035cc206-f688-4e44-88ef-75b33ca75b79 (FOR BOT)
2024-01-23T18:53:56.508636+0500 INFO Get all projects (FOR BOT).
2024-01-23T18:53:56.548856+0500 INFO Return cover for project 33fd2c88-4dc8-4467-bc1e-ffc86013e420 (FOR BOT)
2024-01-23T18:54:05.692255+0500 INFO Get project 33fd2c88-4dc8-4467-bc1e-ffc86013e420 (FOR BOT).
2024-01-23T18:54:05.908135+0500 INFO Return doc for project 33fd2c88-4dc8-4467-bc1e-ffc86013e420 (FOR BOT)
2024-01-23T18:57:35.982868+0500 INFO Get projects with type: exclusive (FOR BOT)
2024-01-23T18:57:40.855255+0500 INFO Get all projects (FOR BOT).
2024-01-23T18:57:40.863138+0500 INFO Return cover for project 33fd2c88-4dc8-4467-bc1e-ffc86013e420 (FOR BOT)
2024-01-23T18:57:42.271455+0500 INFO Get all projects (FOR BOT).
2024-01-23T18:57:42.278776+0500 INFO Return cover for project 035cc206-f688-4e44-88ef-75b33ca75b79 (FOR BOT)
2024-01-23T18:57:45.071614+0500 INFO Get all projects (FOR BOT).
2024-01-23T18:57:45.078483+0500 INFO Return cover for project 33fd2c88-4dc8-4467-bc1e-ffc86013e420 (FOR BOT)
2024-01-23T18:57:51.775937+0500 INFO Get projects with type: minimum (FOR BOT)
2024-01-23T18:57:51.782689+0500 INFO Return cover for project 33fd2c88-4dc8-4467-bc1e-ffc86013e420 (FOR BOT)
2024-01-23T18:57:56.470039+0500 INFO Get projects with type: full9 (FOR BOT)
2024-01-23T19:01:10.020747+0500 INFO Get projects with type: full9 (FOR BOT)
2024-01-23T19:01:16.826265+0500 INFO Get projects with type: exclusive (FOR BOT)
2024-01-23T19:01:19.373372+0500 INFO Get all projects (FOR BOT).
2024-01-23T19:01:19.381587+0500 INFO Return cover for project 33fd2c88-4dc8-4467-bc1e-ffc86013e420 (FOR BOT)
2024-01-23T19:01:23.102255+0500 INFO Get all projects (FOR BOT).
2024-01-23T19:01:23.113291+0500 INFO Return cover for project 035cc206-f688-4e44-88ef-75b33ca75b79 (FOR BOT)
2024-01-23T19:01:45.621227+0500 INFO Get all projects (FOR BOT).
2024-01-23T19:01:45.636510+0500 INFO Return cover for project 035cc206-f688-4e44-88ef-75b33ca75b79 (FOR BOT)
2024-01-23T19:01:47.802175+0500 INFO Get project 035cc206-f688-4e44-88ef-75b33ca75b79 (FOR BOT).
2024-01-23T19:01:48.020987+0500 INFO Return doc for project 035cc206-f688-4e44-88ef-75b33ca75b79 (FOR BOT)
2024-01-23T19:01:48.353367+0500 INFO Return png for project 035cc206-f688-4e44-88ef-75b33ca75b79 (FOR BOT)
2024-01-23T19:06:07.547572+0500 INFO Get all projects (FOR BOT).
2024-01-23T19:06:07.555647+0500 INFO Return cover for project 33fd2c88-4dc8-4467-bc1e-ffc86013e420 (FOR BOT)
2024-01-23T19:06:09.640032+0500 INFO Get project 33fd2c88-4dc8-4467-bc1e-ffc86013e420 (FOR BOT).
2024-01-23T19:06:10.004625+0500 INFO Return doc for project 33fd2c88-4dc8-4467-bc1e-ffc86013e420 (FOR BOT)
2024-01-23T19:06:11.448982+0500 INFO Set is_blocked: True for project 33fd2c88-4dc8-4467-bc1e-ffc86013e420 (FOR BOT)
2024-01-23T19:06:20.736728+0500 INFO Get all projects (FOR BOT).
2024-01-23T19:06:20.747956+0500 INFO Return cover for project 035cc206-f688-4e44-88ef-75b33ca75b79 (FOR BOT)
2024-01-23T19:06:31.368498+0500 INFO Admin user sign in
2024-01-23T19:06:31.369851+0500 INFO Admin user sign in
2024-01-23T19:06:31.779805+0500 INFO Get all projects.
2024-01-23T19:06:31.787355+0500 INFO Get all projects.
2024-01-23T19:06:37.228198+0500 INFO Get project 035cc206-f688-4e44-88ef-75b33ca75b79 (FOR BOT).
2024-01-23T19:06:38.116411+0500 INFO Return doc for project 035cc206-f688-4e44-88ef-75b33ca75b79 (FOR BOT)
2024-01-23T19:06:38.126244+0500 INFO Return png for project 035cc206-f688-4e44-88ef-75b33ca75b79 (FOR BOT)
2024-01-23T19:06:39.472534+0500 INFO Set is_blocked: True for project 035cc206-f688-4e44-88ef-75b33ca75b79 (FOR BOT)
2024-01-23T19:06:43.698602+0500 INFO Get all projects (FOR BOT).
2024-01-23T19:06:54.929584+0500 INFO Get project 33fd2c88-4dc8-4467-bc1e-ffc86013e420.
2024-01-23T19:06:54.936416+0500 INFO Get project 33fd2c88-4dc8-4467-bc1e-ffc86013e420.
2024-01-23T19:06:57.553890+0500 INFO Update project with id 33fd2c88-4dc8-4467-bc1e-ffc86013e420
2024-01-23T19:06:57.786841+0500 INFO Get project 33fd2c88-4dc8-4467-bc1e-ffc86013e420.
2024-01-23T19:06:57.796366+0500 INFO Get project 33fd2c88-4dc8-4467-bc1e-ffc86013e420.
2024-01-23T19:06:58.222120+0500 INFO Get all projects.
2024-01-23T19:06:58.230372+0500 INFO Get all projects.
2024-01-23T19:06:59.745897+0500 INFO Get project 035cc206-f688-4e44-88ef-75b33ca75b79.
2024-01-23T19:06:59.753071+0500 INFO Get project 035cc206-f688-4e44-88ef-75b33ca75b79.
2024-01-23T19:07:02.364831+0500 INFO Update project with id 035cc206-f688-4e44-88ef-75b33ca75b79
2024-01-23T19:07:02.579768+0500 INFO Get project 035cc206-f688-4e44-88ef-75b33ca75b79.
2024-01-23T19:07:02.588161+0500 INFO Get project 035cc206-f688-4e44-88ef-75b33ca75b79.
2024-01-23T19:07:03.187731+0500 INFO Get all projects.
2024-01-23T19:07:03.195736+0500 INFO Get all projects.
2024-01-23T19:07:20.446723+0500 INFO Create new project with data name='TEST' summary='TEST TEST' price=1 have_presentation=False have_product=False have_unique=False category=3
2024-01-23T19:07:20.846160+0500 INFO Add files to project 7546aa94-9303-4f40-adc9-e246144c525a
2024-01-23T19:07:20.853273+0500 INFO Get all projects.
2024-01-23T19:07:20.861571+0500 INFO Get all projects.
2024-01-23T19:07:25.515359+0500 INFO Get all projects (FOR BOT).
2024-01-23T19:07:25.523723+0500 INFO Return cover for project 33fd2c88-4dc8-4467-bc1e-ffc86013e420 (FOR BOT)
2024-01-23T19:07:28.190261+0500 INFO Get all projects (FOR BOT).
2024-01-23T19:07:28.197463+0500 INFO Return cover for project 035cc206-f688-4e44-88ef-75b33ca75b79 (FOR BOT)
2024-01-23T19:07:30.189278+0500 INFO Get all projects (FOR BOT).
2024-01-23T19:07:30.196964+0500 INFO Return cover for project 7546aa94-9303-4f40-adc9-e246144c525a (FOR BOT)
2024-01-23T19:11:24.518916+0500 INFO Get projects with type: full11 (FOR BOT)
2024-01-23T19:11:24.525797+0500 INFO Return cover for project 035cc206-f688-4e44-88ef-75b33ca75b79 (FOR BOT)
2024-01-23T19:17:21.944587+0500 INFO Get all projects (FOR BOT).
2024-01-23T19:17:21.952613+0500 INFO Return cover for project 33fd2c88-4dc8-4467-bc1e-ffc86013e420 (FOR BOT)
2024-01-23T19:17:25.007848+0500 INFO Get project 33fd2c88-4dc8-4467-bc1e-ffc86013e420 (FOR BOT).
2024-01-23T19:17:25.171000+0500 INFO Return doc for project 33fd2c88-4dc8-4467-bc1e-ffc86013e420 (FOR BOT)
2024-01-23T19:17:26.061093+0500 INFO Set is_blocked: True for project 33fd2c88-4dc8-4467-bc1e-ffc86013e420 (FOR BOT)
2024-01-23T19:29:58.947177+0500 INFO Get all projects (FOR BOT).
2024-01-23T19:29:58.955106+0500 INFO Return cover for project 035cc206-f688-4e44-88ef-75b33ca75b79 (FOR BOT)
2024-01-23T19:30:40.725515+0500 INFO Get all projects (FOR BOT).
2024-01-23T19:30:40.734037+0500 INFO Return cover for project 035cc206-f688-4e44-88ef-75b33ca75b79 (FOR BOT)
2024-01-23T19:32:24.733953+0500 INFO Get all projects (FOR BOT).
2024-01-23T19:32:24.741436+0500 INFO Return cover for project 035cc206-f688-4e44-88ef-75b33ca75b79 (FOR BOT)
2024-01-23T19:32:27.349763+0500 INFO Get all projects (FOR BOT).
2024-01-23T19:32:27.357521+0500 INFO Return cover for project 7546aa94-9303-4f40-adc9-e246144c525a (FOR BOT)
2024-01-23T19:32:29.393731+0500 INFO Get all projects (FOR BOT).
2024-01-23T19:32:29.405898+0500 INFO Return cover for project 035cc206-f688-4e44-88ef-75b33ca75b79 (FOR BOT)
2024-01-23T19:32:30.696325+0500 INFO Get all projects (FOR BOT).
2024-01-23T19:32:30.708845+0500 INFO Return cover for project 7546aa94-9303-4f40-adc9-e246144c525a (FOR BOT)
2024-01-23T19:32:31.592973+0500 INFO Get all projects (FOR BOT).
2024-01-23T19:32:31.600752+0500 INFO Return cover for project 035cc206-f688-4e44-88ef-75b33ca75b79 (FOR BOT)
2024-01-23T19:33:34.323212+0500 INFO Get all projects (FOR BOT).
2024-01-23T19:33:34.330419+0500 INFO Return cover for project 035cc206-f688-4e44-88ef-75b33ca75b79 (FOR BOT)
2024-01-23T19:33:39.553619+0500 INFO Get all projects (FOR BOT).
2024-01-23T19:33:39.563026+0500 INFO Return cover for project 7546aa94-9303-4f40-adc9-e246144c525a (FOR BOT)
2024-01-23T19:35:52.874566+0500 INFO Get all projects (FOR BOT).
2024-01-23T19:35:52.882338+0500 INFO Return cover for project 035cc206-f688-4e44-88ef-75b33ca75b79 (FOR BOT)
2024-01-23T19:35:54.979113+0500 INFO Get all projects (FOR BOT).
2024-01-23T19:35:54.989072+0500 INFO Return cover for project 7546aa94-9303-4f40-adc9-e246144c525a (FOR BOT)
2024-01-23T19:35:56.418631+0500 INFO Get all projects (FOR BOT).
2024-01-23T19:35:56.426068+0500 INFO Return cover for project 035cc206-f688-4e44-88ef-75b33ca75b79 (FOR BOT)
2024-01-23T19:35:57.462708+0500 INFO Get all projects (FOR BOT).
2024-01-23T19:35:57.470691+0500 INFO Return cover for project 7546aa94-9303-4f40-adc9-e246144c525a (FOR BOT)
2024-01-23T19:35:58.343863+0500 INFO Get all projects (FOR BOT).
2024-01-23T19:35:58.560476+0500 INFO Return cover for project 035cc206-f688-4e44-88ef-75b33ca75b79 (FOR BOT)
2024-01-23T19:36:42.004897+0500 INFO Get all projects (FOR BOT).
2024-01-23T19:36:42.012758+0500 INFO Return cover for project 035cc206-f688-4e44-88ef-75b33ca75b79 (FOR BOT)
2024-01-23T19:36:43.304193+0500 INFO Get all projects (FOR BOT).
2024-01-23T19:36:43.532436+0500 INFO Return cover for project 7546aa94-9303-4f40-adc9-e246144c525a (FOR BOT)
2024-01-23T19:36:47.357910+0500 INFO Get all projects (FOR BOT).
2024-01-23T19:36:47.365048+0500 INFO Return cover for project 035cc206-f688-4e44-88ef-75b33ca75b79 (FOR BOT)
2024-01-23T19:37:15.239750+0500 INFO Get all projects (FOR BOT).
2024-01-23T19:37:15.247027+0500 INFO Return cover for project 035cc206-f688-4e44-88ef-75b33ca75b79 (FOR BOT)
2024-01-23T19:37:17.506721+0500 INFO Get all projects (FOR BOT).
2024-01-23T19:37:17.514007+0500 INFO Return cover for project 7546aa94-9303-4f40-adc9-e246144c525a (FOR BOT)
2024-01-23T19:37:21.605730+0500 INFO Get all projects (FOR BOT).
2024-01-23T19:37:21.612814+0500 INFO Return cover for project 035cc206-f688-4e44-88ef-75b33ca75b79 (FOR BOT)
2024-01-23T19:38:08.050009+0500 INFO Get all projects (FOR BOT).
2024-01-23T19:38:08.057308+0500 INFO Return cover for project 035cc206-f688-4e44-88ef-75b33ca75b79 (FOR BOT)
2024-01-23T19:38:09.290792+0500 INFO Get all projects (FOR BOT).
2024-01-23T19:38:09.402184+0500 INFO Return cover for project 7546aa94-9303-4f40-adc9-e246144c525a (FOR BOT)
2024-01-23T19:38:16.399616+0500 INFO Get all projects (FOR BOT).
2024-01-23T19:38:16.407323+0500 INFO Return cover for project 035cc206-f688-4e44-88ef-75b33ca75b79 (FOR BOT)
2024-01-23T19:38:18.518982+0500 INFO Get all projects (FOR BOT).
2024-01-23T19:38:18.526064+0500 INFO Return cover for project 7546aa94-9303-4f40-adc9-e246144c525a (FOR BOT)
2024-01-23T19:38:20.468248+0500 INFO Get all projects (FOR BOT).
2024-01-23T19:38:20.476170+0500 INFO Return cover for project 035cc206-f688-4e44-88ef-75b33ca75b79 (FOR BOT)
2024-01-23T19:40:13.244562+0500 INFO Get all projects (FOR BOT).
2024-01-23T19:40:13.252288+0500 INFO Return cover for project 035cc206-f688-4e44-88ef-75b33ca75b79 (FOR BOT)
2024-01-23T19:40:14.763420+0500 INFO Get all projects (FOR BOT).
2024-01-23T19:40:14.806236+0500 INFO Return cover for project 7546aa94-9303-4f40-adc9-e246144c525a (FOR BOT)
2024-01-23T19:40:19.523880+0500 INFO Get all projects (FOR BOT).
2024-01-23T19:40:19.530646+0500 INFO Return cover for project 035cc206-f688-4e44-88ef-75b33ca75b79 (FOR BOT)
2024-01-23T19:40:22.457177+0500 INFO Get all projects (FOR BOT).
2024-01-23T19:40:22.464649+0500 INFO Return cover for project 7546aa94-9303-4f40-adc9-e246144c525a (FOR BOT)
2024-01-23T19:40:24.475708+0500 INFO Get all projects (FOR BOT).
2024-01-23T19:40:24.482721+0500 INFO Return cover for project 035cc206-f688-4e44-88ef-75b33ca75b79 (FOR BOT)
2024-01-23T19:40:46.712511+0500 INFO Get all projects (FOR BOT).
2024-01-23T19:40:46.719972+0500 INFO Return cover for project 035cc206-f688-4e44-88ef-75b33ca75b79 (FOR BOT)
2024-01-23T19:40:47.932948+0500 INFO Get all projects (FOR BOT).
2024-01-23T19:40:47.941275+0500 INFO Return cover for project 7546aa94-9303-4f40-adc9-e246144c525a (FOR BOT)
2024-01-23T19:40:49.854786+0500 INFO Get all projects (FOR BOT).
2024-01-23T19:40:49.862802+0500 INFO Return cover for project 035cc206-f688-4e44-88ef-75b33ca75b79 (FOR BOT)
2024-01-23T19:40:52.706394+0500 INFO Get all projects (FOR BOT).
2024-01-23T19:40:52.714339+0500 INFO Return cover for project 7546aa94-9303-4f40-adc9-e246144c525a (FOR BOT)
2024-01-23T19:40:55.614964+0500 INFO Get all projects (FOR BOT).
2024-01-23T19:40:55.622236+0500 INFO Return cover for project 035cc206-f688-4e44-88ef-75b33ca75b79 (FOR BOT)
2024-01-23T19:41:57.862609+0500 INFO Get all projects (FOR BOT).
2024-01-23T19:41:57.870554+0500 INFO Return cover for project 035cc206-f688-4e44-88ef-75b33ca75b79 (FOR BOT)
2024-01-23T19:42:00.153703+0500 INFO Get all projects (FOR BOT).
2024-01-23T19:42:00.161817+0500 INFO Return cover for project 7546aa94-9303-4f40-adc9-e246144c525a (FOR BOT)
2024-01-23T19:42:02.617346+0500 INFO Get all projects (FOR BOT).
2024-01-23T19:42:02.625336+0500 INFO Return cover for project 035cc206-f688-4e44-88ef-75b33ca75b79 (FOR BOT)
2024-01-23T19:42:04.258519+0500 INFO Get all projects (FOR BOT).
2024-01-23T19:42:04.268067+0500 INFO Return cover for project 7546aa94-9303-4f40-adc9-e246144c525a (FOR BOT)
2024-01-23T19:42:06.315137+0500 INFO Get all projects (FOR BOT).
2024-01-23T19:42:06.323493+0500 INFO Return cover for project 035cc206-f688-4e44-88ef-75b33ca75b79 (FOR BOT)
2024-01-23T19:42:16.011400+0500 INFO Get all projects (FOR BOT).
2024-01-23T19:42:16.018584+0500 INFO Return cover for project 7546aa94-9303-4f40-adc9-e246144c525a (FOR BOT)
2024-01-23T19:42:17.726011+0500 INFO Get all projects (FOR BOT).
2024-01-23T19:42:17.733620+0500 INFO Return cover for project 035cc206-f688-4e44-88ef-75b33ca75b79 (FOR BOT)
2024-01-23T19:43:48.040245+0500 INFO Get all projects (FOR BOT).
2024-01-23T19:43:48.047155+0500 INFO Return cover for project 035cc206-f688-4e44-88ef-75b33ca75b79 (FOR BOT)
2024-01-23T19:43:49.974958+0500 INFO Get all projects (FOR BOT).
2024-01-23T19:43:49.989282+0500 INFO Return cover for project 7546aa94-9303-4f40-adc9-e246144c525a (FOR BOT)
2024-01-23T19:43:51.983091+0500 INFO Get all projects (FOR BOT).
2024-01-23T19:43:51.995584+0500 INFO Return cover for project 035cc206-f688-4e44-88ef-75b33ca75b79 (FOR BOT)
2024-01-23T19:43:53.680695+0500 INFO Get all projects (FOR BOT).
2024-01-23T19:43:53.691746+0500 INFO Return cover for project 7546aa94-9303-4f40-adc9-e246144c525a (FOR BOT)
2024-01-23T19:43:55.688080+0500 INFO Get all projects (FOR BOT).
2024-01-23T19:43:55.702912+0500 INFO Return cover for project 035cc206-f688-4e44-88ef-75b33ca75b79 (FOR BOT)
2024-01-23T19:43:56.877991+0500 INFO Get all projects (FOR BOT).
2024-01-23T19:43:57.002432+0500 INFO Return cover for project 7546aa94-9303-4f40-adc9-e246144c525a (FOR BOT)
2024-01-23T19:43:58.117036+0500 INFO Get all projects (FOR BOT).
2024-01-23T19:43:58.359557+0500 INFO Return cover for project 035cc206-f688-4e44-88ef-75b33ca75b79 (FOR BOT)
2024-01-23T19:43:58.878092+0500 INFO Get projects with type: exclusive (FOR BOT)
2024-01-23T19:44:05.334608+0500 INFO Get all projects (FOR BOT).
2024-01-23T19:44:05.342678+0500 INFO Return cover for project 7546aa94-9303-4f40-adc9-e246144c525a (FOR BOT)
2024-01-23T19:44:07.594681+0500 INFO Get all projects (FOR BOT).
2024-01-23T19:44:07.607037+0500 INFO Return cover for project 7546aa94-9303-4f40-adc9-e246144c525a (FOR BOT)
2024-01-23T19:44:09.387508+0500 INFO Get projects with type: full9 (FOR BOT)
2024-01-23T19:44:12.219861+0500 INFO Get projects with type: full11 (FOR BOT)
2024-01-23T19:44:12.228939+0500 INFO Return cover for project 035cc206-f688-4e44-88ef-75b33ca75b79 (FOR BOT)
2024-01-23T19:44:22.287497+0500 INFO Get all projects (FOR BOT).
2024-01-23T19:44:22.294420+0500 INFO Return cover for project 7546aa94-9303-4f40-adc9-e246144c525a (FOR BOT)
2024-01-23T19:44:23.979147+0500 INFO Get all projects (FOR BOT).
2024-01-23T19:44:23.987221+0500 INFO Return cover for project 035cc206-f688-4e44-88ef-75b33ca75b79 (FOR BOT)
2024-01-23T19:44:26.394554+0500 INFO Get all projects (FOR BOT).
2024-01-23T19:44:26.401981+0500 INFO Return cover for project 7546aa94-9303-4f40-adc9-e246144c525a (FOR BOT)
2024-01-23T19:44:29.638239+0500 INFO Get all projects (FOR BOT).
2024-01-23T19:44:29.645573+0500 INFO Return cover for project 035cc206-f688-4e44-88ef-75b33ca75b79 (FOR BOT)
2024-01-23T19:45:21.860033+0500 INFO Get all projects (FOR BOT).
2024-01-23T19:45:21.867386+0500 INFO Return cover for project 035cc206-f688-4e44-88ef-75b33ca75b79 (FOR BOT)
2024-01-23T19:45:37.292461+0500 INFO Get all projects (FOR BOT).
2024-01-23T19:45:37.305963+0500 INFO Return cover for project 7546aa94-9303-4f40-adc9-e246144c525a (FOR BOT)
2024-01-23T19:45:42.066779+0500 INFO Get all projects (FOR BOT).
2024-01-23T19:45:42.073942+0500 INFO Return cover for project 035cc206-f688-4e44-88ef-75b33ca75b79 (FOR BOT)
2024-01-23T19:45:43.888710+0500 INFO Get project 035cc206-f688-4e44-88ef-75b33ca75b79 (FOR BOT).
2024-01-23T19:45:44.211494+0500 INFO Return doc for project 035cc206-f688-4e44-88ef-75b33ca75b79 (FOR BOT)
2024-01-23T19:45:44.222230+0500 INFO Return png for project 035cc206-f688-4e44-88ef-75b33ca75b79 (FOR BOT)
2024-01-23T19:45:45.061328+0500 INFO Set is_blocked: True for project 035cc206-f688-4e44-88ef-75b33ca75b79 (FOR BOT)
2024-01-23T19:46:42.251191+0500 INFO Get all projects.
2024-01-23T19:46:42.258312+0500 INFO Get all projects.
2024-01-23T19:46:49.632869+0500 INFO Get project 035cc206-f688-4e44-88ef-75b33ca75b79.
2024-01-23T19:46:49.641699+0500 INFO Get project 035cc206-f688-4e44-88ef-75b33ca75b79.
2024-01-23T19:46:51.781507+0500 INFO Update project with id 035cc206-f688-4e44-88ef-75b33ca75b79
2024-01-23T19:46:51.995493+0500 INFO Get project 035cc206-f688-4e44-88ef-75b33ca75b79.
2024-01-23T19:46:52.004010+0500 INFO Get project 035cc206-f688-4e44-88ef-75b33ca75b79.
2024-01-23T19:46:52.970660+0500 INFO Get all projects.
2024-01-23T19:46:52.978229+0500 INFO Get all projects.
2024-01-23T19:47:22.182367+0500 INFO Get all projects (FOR BOT).
2024-01-23T19:47:22.188931+0500 INFO Return cover for project 035cc206-f688-4e44-88ef-75b33ca75b79 (FOR BOT)
2024-01-23T19:47:24.468214+0500 INFO Get all projects (FOR BOT).
2024-01-23T19:47:24.477497+0500 INFO Return cover for project 7546aa94-9303-4f40-adc9-e246144c525a (FOR BOT)
2024-01-23T19:47:45.602507+0500 INFO Get all projects (FOR BOT).
2024-01-23T19:47:45.610606+0500 INFO Return cover for project 035cc206-f688-4e44-88ef-75b33ca75b79 (FOR BOT)
2024-01-23T19:48:10.344364+0500 INFO Get projects with type: exclusive (FOR BOT)
2024-01-23T19:50:59.561908+0500 INFO Start app
2024-01-23T19:51:00.545501+0500 INFO Get projects with type: minimum
2024-01-23T19:51:00.897099+0500 INFO Get projects with type: minimum
2024-01-23T19:51:02.902273+0500 INFO Get projects with type: minimum
2024-01-23T19:51:02.910972+0500 INFO Get projects with type: minimum
2024-01-23T19:51:11.061725+0500 INFO Get projects with type: full9
2024-01-23T19:51:11.070148+0500 INFO Get projects with type: full9
2024-01-23T19:51:12.028659+0500 INFO Get projects with type: full11
2024-01-23T19:51:13.064177+0500 INFO Get all projects.
2024-01-23T19:51:13.209204+0500 INFO Get all projects.
2024-01-23T19:51:36.179285+0500 INFO Start app
2024-01-23T19:52:40.707983+0500 INFO Start app
2024-01-23T19:53:49.652895+0500 INFO Get all projects (FOR BOT).
2024-01-23T19:53:49.661834+0500 INFO Return cover for project 035cc206-f688-4e44-88ef-75b33ca75b79 (FOR BOT)
2024-01-23T19:54:10.900212+0500 INFO Start app
2024-01-23T19:54:46.301864+0500 INFO Get all projects (FOR BOT).
2024-01-23T19:54:46.310892+0500 INFO Return cover for project 035cc206-f688-4e44-88ef-75b33ca75b79 (FOR BOT)
2024-01-23T19:54:48.632769+0500 INFO Get all projects (FOR BOT).
2024-01-23T19:54:48.643502+0500 INFO Return cover for project 7546aa94-9303-4f40-adc9-e246144c525a (FOR BOT)
2024-01-23T19:54:52.604943+0500 INFO Get all projects (FOR BOT).
2024-01-23T19:54:52.612067+0500 INFO Return cover for project 035cc206-f688-4e44-88ef-75b33ca75b79 (FOR BOT)
2024-01-23T19:54:57.659154+0500 INFO Get project 035cc206-f688-4e44-88ef-75b33ca75b79 (FOR BOT).
2024-01-23T19:54:57.857931+0500 INFO Return doc for project 035cc206-f688-4e44-88ef-75b33ca75b79 (FOR BOT)
2024-01-23T19:54:57.869494+0500 INFO Return png for project 035cc206-f688-4e44-88ef-75b33ca75b79 (FOR BOT)
2024-01-23T19:54:58.790877+0500 INFO Set is_blocked: True for project 035cc206-f688-4e44-88ef-75b33ca75b79 (FOR BOT)
2024-01-23T19:55:23.051526+0500 INFO Get all projects (FOR BOT).
2024-01-23T19:55:23.058825+0500 INFO Return cover for project 7546aa94-9303-4f40-adc9-e246144c525a (FOR BOT)
2024-01-23T19:55:38.716648+0500 INFO Get project 035cc206-f688-4e44-88ef-75b33ca75b79.
2024-01-23T19:55:38.731960+0500 INFO Get project 035cc206-f688-4e44-88ef-75b33ca75b79.
2024-01-23T19:55:42.898036+0500 INFO Update project with id 035cc206-f688-4e44-88ef-75b33ca75b79
2024-01-23T19:55:43.135500+0500 INFO Get project 035cc206-f688-4e44-88ef-75b33ca75b79.
2024-01-23T19:55:43.144255+0500 INFO Get project 035cc206-f688-4e44-88ef-75b33ca75b79.
2024-01-23T19:55:43.582426+0500 INFO Get all projects.
2024-01-23T19:55:43.589592+0500 INFO Get all projects.
2024-01-23T20:02:22.734684+0500 INFO Get projects with type: full9 (FOR BOT)
2024-01-23T20:02:37.366211+0500 INFO Get projects with type: minimum (FOR BOT)
2024-01-23T20:02:37.377634+0500 INFO Return cover for project 7546aa94-9303-4f40-adc9-e246144c525a (FOR BOT)
2024-01-23T20:03:03.622915+0500 INFO Get all projects (FOR BOT).
2024-01-23T20:03:03.630474+0500 INFO Return cover for project 035cc206-f688-4e44-88ef-75b33ca75b79 (FOR BOT)
2024-01-23T20:03:06.147545+0500 INFO Get project 035cc206-f688-4e44-88ef-75b33ca75b79 (FOR BOT).
2024-01-23T20:03:06.296634+0500 INFO Return doc for project 035cc206-f688-4e44-88ef-75b33ca75b79 (FOR BOT)
2024-01-23T20:03:06.307172+0500 INFO Return png for project 035cc206-f688-4e44-88ef-75b33ca75b79 (FOR BOT)
2024-01-23T20:03:07.502877+0500 INFO Set is_blocked: True for project 035cc206-f688-4e44-88ef-75b33ca75b79 (FOR BOT)
2024-01-23T20:03:32.444265+0500 INFO Get all projects.
2024-01-23T20:03:32.451349+0500 INFO Get all projects.
2024-01-23T20:03:33.338097+0500 INFO Get project 035cc206-f688-4e44-88ef-75b33ca75b79.
2024-01-23T20:03:33.400890+0500 INFO Get project 035cc206-f688-4e44-88ef-75b33ca75b79.
2024-01-23T20:03:35.025875+0500 INFO Update project with id 035cc206-f688-4e44-88ef-75b33ca75b79
2024-01-23T20:03:35.220963+0500 INFO Get project 035cc206-f688-4e44-88ef-75b33ca75b79.
2024-01-23T20:03:35.229374+0500 INFO Get project 035cc206-f688-4e44-88ef-75b33ca75b79.
2024-01-23T20:03:35.893333+0500 INFO Get all projects.
2024-01-23T20:03:36.144964+0500 INFO Get all projects.
2024-01-23T20:05:38.674379+0500 INFO Get all projects.
2024-01-23T20:05:38.682445+0500 INFO Get all projects.
2024-01-23T20:05:38.940511+0500 INFO Get projects with type: full11
2024-01-23T20:05:38.990500+0500 INFO Get projects with type: full11
2024-01-23T20:05:40.295694+0500 INFO Get projects with type: minimum
2024-01-23T20:05:40.741888+0500 INFO Get projects with type: full9
2024-01-23T20:05:41.905614+0500 INFO Get all projects.
2024-01-23T20:05:41.918305+0500 INFO Get all projects.
2024-01-23T20:05:45.768907+0500 INFO Get all projects.
2024-01-23T20:05:45.777860+0500 INFO Get all projects.
2024-01-23T20:22:39.986005+0500 INFO Start app
2024-01-23T20:49:32.538241+0500 INFO Get all projects (FOR BOT).
2024-01-23T20:49:32.547458+0500 INFO Return cover for project 035cc206-f688-4e44-88ef-75b33ca75b79 (FOR BOT)
2024-01-23T20:49:34.145902+0500 INFO Get all projects (FOR BOT).
2024-01-23T20:49:34.153761+0500 INFO Return cover for project 7546aa94-9303-4f40-adc9-e246144c525a (FOR BOT)
2024-01-23T20:49:42.599585+0500 INFO Get project 7546aa94-9303-4f40-adc9-e246144c525a (FOR BOT).
2024-01-23T20:50:05.619293+0500 INFO Get project 7546aa94-9303-4f40-adc9-e246144c525a.
2024-01-23T20:50:05.627278+0500 INFO Get project 7546aa94-9303-4f40-adc9-e246144c525a.
2024-01-23T20:50:08.802103+0500 INFO Update project with id 7546aa94-9303-4f40-adc9-e246144c525a
2024-01-23T20:50:09.077282+0500 INFO Get project 7546aa94-9303-4f40-adc9-e246144c525a.
2024-01-23T20:50:09.085870+0500 INFO Get project 7546aa94-9303-4f40-adc9-e246144c525a.
2024-01-23T20:50:15.063027+0500 INFO Get all projects (FOR BOT).
2024-01-23T20:50:15.070444+0500 INFO Return cover for project 7546aa94-9303-4f40-adc9-e246144c525a (FOR BOT)
2024-01-23T20:50:18.028942+0500 INFO Get project 7546aa94-9303-4f40-adc9-e246144c525a (FOR BOT).
2024-01-23T20:50:32.843964+0500 INFO Update project with id 7546aa94-9303-4f40-adc9-e246144c525a
2024-01-23T20:50:33.010110+0500 INFO Get project 7546aa94-9303-4f40-adc9-e246144c525a.
2024-01-23T20:50:33.019145+0500 INFO Get project 7546aa94-9303-4f40-adc9-e246144c525a.
2024-01-23T20:50:40.109045+0500 INFO Get all projects (FOR BOT).
2024-01-23T20:50:40.116555+0500 INFO Return cover for project 7546aa94-9303-4f40-adc9-e246144c525a (FOR BOT)
2024-01-23T20:50:41.372932+0500 INFO Get project 7546aa94-9303-4f40-adc9-e246144c525a (FOR BOT).
2024-01-23T20:50:41.525777+0500 INFO Return doc for project 7546aa94-9303-4f40-adc9-e246144c525a (FOR BOT)
2024-01-23T20:50:42.175603+0500 INFO Set is_blocked: True for project 7546aa94-9303-4f40-adc9-e246144c525a (FOR BOT)
2024-01-23T22:42:11.516181+0500 INFO Start app
2024-01-23T22:42:51.770022+0500 INFO Get project 7546aa94-9303-4f40-adc9-e246144c525a.
2024-01-23T22:42:51.778277+0500 INFO Get project 7546aa94-9303-4f40-adc9-e246144c525a.
2024-01-23T22:43:37.849188+0500 INFO Get all projects (FOR BOT).
2024-01-23T22:43:37.856978+0500 INFO Return cover for project 035cc206-f688-4e44-88ef-75b33ca75b79 (FOR BOT)
2024-01-23T22:44:00.753382+0500 INFO Get all projects (FOR BOT).
2024-01-23T22:44:00.760785+0500 INFO Return cover for project 035cc206-f688-4e44-88ef-75b33ca75b79 (FOR BOT)
2024-01-23T22:44:04.727742+0500 INFO Update project with id 7546aa94-9303-4f40-adc9-e246144c525a
2024-01-23T22:44:04.976050+0500 INFO Get project 7546aa94-9303-4f40-adc9-e246144c525a.
2024-01-23T22:44:04.984104+0500 INFO Get project 7546aa94-9303-4f40-adc9-e246144c525a.
2024-01-23T22:44:12.547542+0500 INFO Get all projects (FOR BOT).
2024-01-23T22:44:12.554667+0500 INFO Return cover for project 035cc206-f688-4e44-88ef-75b33ca75b79 (FOR BOT)
2024-01-23T22:44:14.373647+0500 INFO Get all projects (FOR BOT).
2024-01-23T22:44:14.381189+0500 INFO Return cover for project 7546aa94-9303-4f40-adc9-e246144c525a (FOR BOT)
2024-01-23T22:44:16.551989+0500 INFO Get all projects (FOR BOT).
2024-01-23T22:44:16.563625+0500 INFO Return cover for project 035cc206-f688-4e44-88ef-75b33ca75b79 (FOR BOT)
2024-01-23T22:46:01.690463+0500 INFO Get all projects (FOR BOT).
2024-01-23T22:46:01.700412+0500 INFO Return cover for project 035cc206-f688-4e44-88ef-75b33ca75b79 (FOR BOT)
2024-01-23T22:46:05.330013+0500 INFO Get all projects (FOR BOT).
2024-01-23T22:46:05.339012+0500 INFO Return cover for project 7546aa94-9303-4f40-adc9-e246144c525a (FOR BOT)
2024-01-23T22:46:09.162913+0500 INFO Get all projects (FOR BOT).
2024-01-23T22:46:09.171148+0500 INFO Return cover for project 035cc206-f688-4e44-88ef-75b33ca75b79 (FOR BOT)
2024-01-23T22:46:13.621288+0500 INFO Get all projects (FOR BOT).
2024-01-23T22:46:13.629843+0500 INFO Return cover for project 7546aa94-9303-4f40-adc9-e246144c525a (FOR BOT)
2024-01-23T22:46:19.426305+0500 INFO Get all projects (FOR BOT).
2024-01-23T22:46:19.435227+0500 INFO Return cover for project 035cc206-f688-4e44-88ef-75b33ca75b79 (FOR BOT)
2024-01-23T22:46:22.920994+0500 INFO Get all projects (FOR BOT).
2024-01-23T22:46:22.930302+0500 INFO Return cover for project 7546aa94-9303-4f40-adc9-e246144c525a (FOR BOT)
2024-01-23T22:46:45.306023+0500 INFO Get all projects (FOR BOT).
2024-01-23T22:46:45.314108+0500 INFO Return cover for project 035cc206-f688-4e44-88ef-75b33ca75b79 (FOR BOT)
2024-01-23T22:46:46.585749+0500 INFO Get all projects (FOR BOT).
2024-01-23T22:46:46.593044+0500 INFO Return cover for project 7546aa94-9303-4f40-adc9-e246144c525a (FOR BOT)
2024-01-23T22:46:50.633526+0500 INFO Get all projects (FOR BOT).
2024-01-23T22:46:50.641852+0500 INFO Return cover for project 035cc206-f688-4e44-88ef-75b33ca75b79 (FOR BOT)
2024-01-23T22:47:34.814412+0500 INFO Get projects with type: full11 (FOR BOT)
2024-01-23T22:47:34.822009+0500 INFO Return cover for project 035cc206-f688-4e44-88ef-75b33ca75b79 (FOR BOT)
2024-01-23T22:47:39.106622+0500 INFO Get projects with type: full11 (FOR BOT)
2024-01-23T22:47:39.114661+0500 INFO Return cover for project 035cc206-f688-4e44-88ef-75b33ca75b79 (FOR BOT)
2024-01-23T22:47:41.313152+0500 INFO Get project 035cc206-f688-4e44-88ef-75b33ca75b79 (FOR BOT).
2024-01-23T22:47:41.506058+0500 INFO Return doc for project 035cc206-f688-4e44-88ef-75b33ca75b79 (FOR BOT)
2024-01-23T22:47:41.836327+0500 INFO Return png for project 035cc206-f688-4e44-88ef-75b33ca75b79 (FOR BOT)
2024-01-23T22:47:43.104301+0500 INFO Set is_blocked: True for project 035cc206-f688-4e44-88ef-75b33ca75b79 (FOR BOT)
2024-01-23T22:47:53.318886+0500 INFO Get all projects.
2024-01-23T22:47:53.336144+0500 INFO Get all projects.
2024-01-23T22:49:39.639284+0500 INFO Get projects with type: full11 (FOR BOT)
2024-01-23T22:49:43.570764+0500 INFO Get all projects (FOR BOT).
2024-01-23T22:49:43.579467+0500 INFO Return cover for project 7546aa94-9303-4f40-adc9-e246144c525a (FOR BOT)
2024-01-23T22:49:50.640500+0500 INFO Get project 7546aa94-9303-4f40-adc9-e246144c525a (FOR BOT).
2024-01-23T22:49:50.880196+0500 INFO Return doc for project 7546aa94-9303-4f40-adc9-e246144c525a (FOR BOT)
2024-01-23T22:49:52.529474+0500 INFO Set is_blocked: True for project 7546aa94-9303-4f40-adc9-e246144c525a (FOR BOT)
2024-01-23T22:50:02.582807+0500 INFO Get project 7546aa94-9303-4f40-adc9-e246144c525a.
2024-01-23T22:50:02.591143+0500 INFO Get project 7546aa94-9303-4f40-adc9-e246144c525a.
2024-01-23T22:50:05.054367+0500 INFO Update project with id 7546aa94-9303-4f40-adc9-e246144c525a
2024-01-23T22:50:05.275063+0500 INFO Get project 7546aa94-9303-4f40-adc9-e246144c525a.
2024-01-23T22:50:05.283975+0500 INFO Get project 7546aa94-9303-4f40-adc9-e246144c525a.
2024-01-23T22:50:05.816045+0500 INFO Get all projects.
2024-01-23T22:50:05.823760+0500 INFO Get all projects.
2024-01-23T22:50:06.786916+0500 INFO Get project 035cc206-f688-4e44-88ef-75b33ca75b79.
2024-01-23T22:50:06.794836+0500 INFO Get project 035cc206-f688-4e44-88ef-75b33ca75b79.
2024-01-23T22:50:08.752628+0500 INFO Update project with id 035cc206-f688-4e44-88ef-75b33ca75b79
2024-01-23T22:50:08.953230+0500 INFO Get project 035cc206-f688-4e44-88ef-75b33ca75b79.
2024-01-23T22:50:08.962084+0500 INFO Get project 035cc206-f688-4e44-88ef-75b33ca75b79.
2024-01-23T22:50:35.277648+0500 INFO Get all projects.
2024-01-23T22:50:35.287166+0500 INFO Get all projects.
2024-01-23T22:50:35.958051+0500 INFO Get projects with type: full11
2024-01-23T22:50:35.971224+0500 INFO Get projects with type: full11
2024-01-23T22:50:36.997576+0500 INFO Get projects with type: minimum
2024-01-23T22:50:37.005145+0500 INFO Get projects with type: minimum
2024-01-23T22:50:37.253900+0500 INFO Get projects with type: full9
2024-01-23T22:50:37.744987+0500 INFO Get all projects.
2024-01-23T22:50:37.752691+0500 INFO Get all projects.
2024-01-24T17:28:40.290978+0500 INFO Start app
2024-01-24T17:29:28.672335+0500 INFO Admin user sign in
2024-01-24T17:29:28.673682+0500 INFO Admin user sign in
2024-01-24T17:29:29.030188+0500 INFO Get all projects.
2024-01-24T17:29:29.038082+0500 INFO Get all projects.
2024-01-24T17:30:19.499474+0500 INFO Get project 035cc206-f688-4e44-88ef-75b33ca75b79.
2024-01-24T17:30:19.506228+0500 INFO Get project 035cc206-f688-4e44-88ef-75b33ca75b79.
2024-01-24T17:30:21.415626+0500 INFO Update project with id 035cc206-f688-4e44-88ef-75b33ca75b79
2024-01-24T17:30:21.698653+0500 INFO Get project 035cc206-f688-4e44-88ef-75b33ca75b79.
2024-01-24T17:30:21.707259+0500 INFO Get project 035cc206-f688-4e44-88ef-75b33ca75b79.
2024-01-24T17:30:22.190755+0500 INFO Get all projects.
2024-01-24T17:30:22.198530+0500 INFO Get all projects.
2024-01-24T17:30:22.891369+0500 INFO Get project 7546aa94-9303-4f40-adc9-e246144c525a.
2024-01-24T17:30:22.899029+0500 INFO Get project 7546aa94-9303-4f40-adc9-e246144c525a.
2024-01-24T17:30:25.313573+0500 INFO Update project with id 7546aa94-9303-4f40-adc9-e246144c525a
2024-01-24T17:30:25.506541+0500 INFO Get project 7546aa94-9303-4f40-adc9-e246144c525a.
2024-01-24T17:30:25.515115+0500 INFO Get project 7546aa94-9303-4f40-adc9-e246144c525a.
2024-01-24T17:30:26.267679+0500 INFO Get all projects.
2024-01-24T17:30:26.491858+0500 INFO Get all projects.
2024-01-24T17:43:50.310231+0500 INFO Create new project with data name='Конфликты и стратегии их решения' summary='Проект, показывающий как вести себя в конфликтных ситуация.\nРешает данную проблему: применение стратегий поведения в конфликте людьми с разными уровнями конфликтности.' price=1999 have_presentation=True have_product=True have_unique=True category=1
2024-01-24T17:43:50.492719+0500 INFO Add files to project 9496e14c-f5a1-4b7a-be9a-2fd2f86e0651
2024-01-24T17:43:50.773948+0500 INFO Get all projects.
2024-01-24T17:43:50.782796+0500 INFO Get all projects.
2024-01-24T17:44:09.587382+0500 INFO Get all projects (FOR BOT).
2024-01-24T17:44:09.595636+0500 INFO Return cover for project 9496e14c-f5a1-4b7a-be9a-2fd2f86e0651 (FOR BOT)
2024-01-24T17:46:06.691759+0500 INFO Get project 9496e14c-f5a1-4b7a-be9a-2fd2f86e0651.
2024-01-24T17:46:06.698875+0500 INFO Get project 9496e14c-f5a1-4b7a-be9a-2fd2f86e0651.
2024-01-24T17:46:26.842316+0500 INFO Update project with id 9496e14c-f5a1-4b7a-be9a-2fd2f86e0651
2024-01-24T17:46:26.932568+0500 INFO Change files to project 9496e14c-f5a1-4b7a-be9a-2fd2f86e0651
2024-01-24T17:46:27.199874+0500 INFO Get project 9496e14c-f5a1-4b7a-be9a-2fd2f86e0651.
2024-01-24T17:46:27.212955+0500 INFO Get project 9496e14c-f5a1-4b7a-be9a-2fd2f86e0651.
2024-01-24T17:46:32.315146+0500 INFO Get all projects (FOR BOT).
2024-01-24T17:46:32.322248+0500 INFO Return cover for project 9496e14c-f5a1-4b7a-be9a-2fd2f86e0651 (FOR BOT)
2024-01-24T17:47:13.992131+0500 INFO Get all projects (FOR BOT).
2024-01-24T17:47:13.999787+0500 INFO Return cover for project 9496e14c-f5a1-4b7a-be9a-2fd2f86e0651 (FOR BOT)
2024-01-24T17:48:29.368234+0500 INFO Get project 9496e14c-f5a1-4b7a-be9a-2fd2f86e0651 (FOR BOT).
2024-01-24T17:48:29.912619+0500 INFO Return doc for project 9496e14c-f5a1-4b7a-be9a-2fd2f86e0651 (FOR BOT)
2024-01-24T17:48:29.947214+0500 INFO Return pptx for project 9496e14c-f5a1-4b7a-be9a-2fd2f86e0651 (FOR BOT)
2024-01-24T17:48:30.207962+0500 INFO Return png for project 9496e14c-f5a1-4b7a-be9a-2fd2f86e0651 (FOR BOT)
2024-01-24T17:48:30.229487+0500 INFO Return product zip for project 9496e14c-f5a1-4b7a-be9a-2fd2f86e0651 (FOR BOT)
2024-01-24T17:48:33.734948+0500 INFO Set is_blocked: True for project 9496e14c-f5a1-4b7a-be9a-2fd2f86e0651 (FOR BOT)
2024-01-24T17:49:53.333015+0500 INFO Get all projects.
2024-01-24T17:49:53.341914+0500 INFO Get all projects.
2024-01-24T17:49:54.057244+0500 INFO Get project 9496e14c-f5a1-4b7a-be9a-2fd2f86e0651.
2024-01-24T17:49:54.064387+0500 INFO Get project 9496e14c-f5a1-4b7a-be9a-2fd2f86e0651.
2024-01-24T17:49:54.847809+0500 INFO Return doc for project 9496e14c-f5a1-4b7a-be9a-2fd2f86e0651
2024-01-24T17:57:44.385452+0500 INFO Update project with id 9496e14c-f5a1-4b7a-be9a-2fd2f86e0651
2024-01-24T17:57:44.714679+0500 INFO Get project 9496e14c-f5a1-4b7a-be9a-2fd2f86e0651.
2024-01-24T17:57:44.722895+0500 INFO Get project 9496e14c-f5a1-4b7a-be9a-2fd2f86e0651.
2024-01-24T17:57:47.168741+0500 INFO Get all projects.
2024-01-24T17:57:47.175649+0500 INFO Get all projects.
2024-01-24T17:57:48.506697+0500 INFO Get project 9496e14c-f5a1-4b7a-be9a-2fd2f86e0651.
2024-01-24T17:57:48.514152+0500 INFO Get project 9496e14c-f5a1-4b7a-be9a-2fd2f86e0651.
2024-01-24T17:57:56.477980+0500 INFO Get all projects (FOR BOT).
2024-01-24T17:57:56.490684+0500 INFO Return cover for project 9496e14c-f5a1-4b7a-be9a-2fd2f86e0651 (FOR BOT)
2024-01-24T17:58:50.766955+0500 INFO Start app
2024-01-24T17:58:50.961948+0500 INFO Get all projects (FOR BOT).
2024-01-24T17:58:50.972134+0500 INFO Return cover for project 9496e14c-f5a1-4b7a-be9a-2fd2f86e0651 (FOR BOT)
2024-01-24T18:00:43.971779+0500 INFO Get all projects (FOR BOT).
2024-01-24T18:00:43.982641+0500 INFO Return cover for project 9496e14c-f5a1-4b7a-be9a-2fd2f86e0651 (FOR BOT)
2024-01-24T18:01:25.820641+0500 INFO Get project 9496e14c-f5a1-4b7a-be9a-2fd2f86e0651.
2024-01-24T18:01:25.828564+0500 INFO Get project 9496e14c-f5a1-4b7a-be9a-2fd2f86e0651.
2024-01-24T18:01:53.454058+0500 INFO Update project with id 9496e14c-f5a1-4b7a-be9a-2fd2f86e0651
2024-01-24T18:01:53.532031+0500 INFO Change files to project 9496e14c-f5a1-4b7a-be9a-2fd2f86e0651
2024-01-24T18:01:53.721659+0500 INFO Get project 9496e14c-f5a1-4b7a-be9a-2fd2f86e0651.
2024-01-24T18:01:53.731047+0500 INFO Get project 9496e14c-f5a1-4b7a-be9a-2fd2f86e0651.
2024-01-24T18:01:54.824890+0500 INFO Return doc for project 9496e14c-f5a1-4b7a-be9a-2fd2f86e0651
2024-01-24T18:02:12.665200+0500 INFO Get project 9496e14c-f5a1-4b7a-be9a-2fd2f86e0651.
2024-01-24T18:02:12.675741+0500 INFO Get project 9496e14c-f5a1-4b7a-be9a-2fd2f86e0651.
2024-01-24T18:02:17.151684+0500 INFO Get all projects (FOR BOT).
2024-01-24T18:02:17.161378+0500 INFO Return cover for project 9496e14c-f5a1-4b7a-be9a-2fd2f86e0651 (FOR BOT)
2024-01-24T18:02:37.927551+0500 INFO Get project 9496e14c-f5a1-4b7a-be9a-2fd2f86e0651 (FOR BOT).
2024-01-24T18:02:38.321787+0500 INFO Return doc for project 9496e14c-f5a1-4b7a-be9a-2fd2f86e0651 (FOR BOT)
2024-01-24T18:02:38.364034+0500 INFO Return pptx for project 9496e14c-f5a1-4b7a-be9a-2fd2f86e0651 (FOR BOT)
2024-01-24T18:02:38.399245+0500 INFO Return png for project 9496e14c-f5a1-4b7a-be9a-2fd2f86e0651 (FOR BOT)
2024-01-24T18:02:38.418661+0500 INFO Return product zip for project 9496e14c-f5a1-4b7a-be9a-2fd2f86e0651 (FOR BOT)
2024-01-24T18:02:40.842149+0500 INFO Set is_blocked: True for project 9496e14c-f5a1-4b7a-be9a-2fd2f86e0651 (FOR BOT)
2024-01-24T18:03:27.253954+0500 INFO Get all projects.
2024-01-24T18:03:27.262069+0500 INFO Get all projects.
2024-01-24T18:03:33.917282+0500 INFO Delete project 33fd2c88-4dc8-4467-bc1e-ffc86013e420.
2024-01-24T18:03:34.130686+0500 INFO Get all projects.
2024-01-24T18:03:34.140583+0500 INFO Get all projects.
2024-01-24T18:03:36.913929+0500 INFO Delete project f945c994-6466-4f7f-8b24-fd2abe052dba.
2024-01-24T18:03:37.062152+0500 INFO Get all projects.
2024-01-24T18:03:37.070735+0500 INFO Get all projects.
2024-01-24T18:03:39.640871+0500 INFO Delete project 1fbc6016-cf75-4008-9641-20cd460936a9.
2024-01-24T18:03:39.775653+0500 INFO Get all projects.
2024-01-24T18:03:39.785225+0500 INFO Get all projects.
2024-01-24T18:03:40.318072+0500 INFO Delete project 035cc206-f688-4e44-88ef-75b33ca75b79.
2024-01-24T18:03:40.449073+0500 INFO Get all projects.
2024-01-24T18:03:40.461742+0500 INFO Get all projects.
2024-01-24T18:03:54.515947+0500 INFO Get all projects (FOR BOT).
2024-01-24T18:09:00.321198+0500 INFO Get project 9496e14c-f5a1-4b7a-be9a-2fd2f86e0651.
2024-01-24T18:09:00.328121+0500 INFO Get project 9496e14c-f5a1-4b7a-be9a-2fd2f86e0651.
2024-01-24T18:09:02.296044+0500 INFO Update project with id 9496e14c-f5a1-4b7a-be9a-2fd2f86e0651
2024-01-24T18:09:02.518167+0500 INFO Get project 9496e14c-f5a1-4b7a-be9a-2fd2f86e0651.
2024-01-24T18:09:02.526168+0500 INFO Get project 9496e14c-f5a1-4b7a-be9a-2fd2f86e0651.
2024-01-24T18:09:36.084900+0500 INFO Update project with id 9496e14c-f5a1-4b7a-be9a-2fd2f86e0651
2024-01-24T18:09:36.258665+0500 INFO Get project 9496e14c-f5a1-4b7a-be9a-2fd2f86e0651.
2024-01-24T18:09:36.266972+0500 INFO Get project 9496e14c-f5a1-4b7a-be9a-2fd2f86e0651.
2024-01-24T18:09:51.186932+0500 INFO Get all projects.
2024-01-24T18:09:51.198969+0500 INFO Get all projects.
2024-01-24T18:20:24.520616+0500 INFO Start app
2024-01-24T18:20:25.909763+0500 INFO Get all projects.
2024-01-24T18:20:25.917493+0500 INFO Get all projects.
2024-01-24T18:20:26.049448+0500 INFO Get all projects.
2024-01-24T18:20:26.056489+0500 INFO Get all projects.
2024-01-24T18:20:27.380334+0500 INFO Get project 9496e14c-f5a1-4b7a-be9a-2fd2f86e0651.
2024-01-24T18:20:27.387080+0500 INFO Get project 9496e14c-f5a1-4b7a-be9a-2fd2f86e0651.
2024-01-24T18:20:30.506372+0500 INFO Get all projects.
2024-01-24T18:20:30.518072+0500 INFO Get all projects.
2024-01-24T18:20:46.084872+0500 INFO Get all projects.
2024-01-24T18:20:46.092426+0500 INFO Get all projects.
2024-01-24T18:21:01.341310+0500 INFO Start app
2024-01-24T18:27:33.732568+0500 INFO Get all projects (FOR BOT).
2024-01-24T18:27:38.490032+0500 INFO Get project 9496e14c-f5a1-4b7a-be9a-2fd2f86e0651.
2024-01-24T18:27:38.496884+0500 INFO Get project 9496e14c-f5a1-4b7a-be9a-2fd2f86e0651.
2024-01-24T18:27:40.593667+0500 INFO Update project with id 9496e14c-f5a1-4b7a-be9a-2fd2f86e0651
2024-01-24T18:27:40.861833+0500 INFO Get project 9496e14c-f5a1-4b7a-be9a-2fd2f86e0651.
2024-01-24T18:27:40.879298+0500 INFO Get project 9496e14c-f5a1-4b7a-be9a-2fd2f86e0651.
2024-01-24T18:27:42.444741+0500 INFO Get all projects (FOR BOT).
2024-01-24T18:27:42.452264+0500 INFO Return cover for project 9496e14c-f5a1-4b7a-be9a-2fd2f86e0651 (FOR BOT)
2024-01-24T18:27:48.757263+0500 INFO Get project 9496e14c-f5a1-4b7a-be9a-2fd2f86e0651 (FOR BOT).
2024-01-24T18:27:48.939477+0500 INFO Return doc for project 9496e14c-f5a1-4b7a-be9a-2fd2f86e0651 (FOR BOT)
2024-01-24T18:27:48.986924+0500 INFO Return pptx for project 9496e14c-f5a1-4b7a-be9a-2fd2f86e0651 (FOR BOT)
2024-01-24T18:27:49.014642+0500 INFO Return png for project 9496e14c-f5a1-4b7a-be9a-2fd2f86e0651 (FOR BOT)
2024-01-24T18:27:49.029692+0500 INFO Return product zip for project 9496e14c-f5a1-4b7a-be9a-2fd2f86e0651 (FOR BOT)
2024-01-24T18:27:54.165935+0500 INFO Set is_blocked: True for project 9496e14c-f5a1-4b7a-be9a-2fd2f86e0651 (FOR BOT)
2024-01-24T18:28:04.915549+0500 INFO Get project 9496e14c-f5a1-4b7a-be9a-2fd2f86e0651.
2024-01-24T18:28:04.923474+0500 INFO Get project 9496e14c-f5a1-4b7a-be9a-2fd2f86e0651.
